[0m02:27:03.634076 [debug] [MainThread]: Sending event: {'category': 'dbt', 'action': 'invocation', 'label': 'start', 'context': [<snowplow_tracker.self_describing_json.SelfDescribingJson object at 0x000002C19A2B2ED0>, <snowplow_tracker.self_describing_json.SelfDescribingJson object at 0x000002C19A52EF90>, <snowplow_tracker.self_describing_json.SelfDescribingJson object at 0x000002C192F385D0>]}


============================== 02:27:03.637078 | 32304f9d-97f9-40d0-85a8-1bd7715bdced ==============================
[0m02:27:03.637078 [info ] [MainThread]: Running with dbt=1.11.8
[0m02:27:03.639074 [debug] [MainThread]: running dbt with arguments {'static_parser': 'True', 'no_print': 'None', 'version_check': 'True', 'warn_error_options': 'WarnErrorOptionsV2(error=[], warn=[], silence=[])', 'target_path': 'None', 'printer_width': '80', 'write_json': 'True', 'empty': 'None', 'log_cache_events': 'False', 'introspect': 'True', 'cache_selected_only': 'False', 'fail_fast': 'False', 'debug': 'False', 'log_format': 'default', 'partial_parse': 'True', 'send_anonymous_usage_stats': 'True', 'quiet': 'False', 'warn_error': 'None', 'profiles_dir': 'C:\\Users\\samir\\.dbt', 'invocation_command': 'dbt init dbt_project', 'use_colors': 'True', 'indirect_selection': 'eager', 'use_experimental_parser': 'False', 'log_path': 'logs'}
[0m02:27:03.655078 [info ] [MainThread]: A project called dbt_project already exists here.
[0m02:27:03.656078 [debug] [MainThread]: Command `dbt init` succeeded at 02:27:03.656078 after 0.10 seconds
[0m02:27:03.657079 [debug] [MainThread]: Sending event: {'category': 'dbt', 'action': 'invocation', 'label': 'end', 'context': [<snowplow_tracker.self_describing_json.SelfDescribingJson object at 0x000002C19B614850>, <snowplow_tracker.self_describing_json.SelfDescribingJson object at 0x000002C19293FE50>, <snowplow_tracker.self_describing_json.SelfDescribingJson object at 0x000002C19293FE90>]}
[0m02:27:03.658075 [debug] [MainThread]: Flushing usage events
[0m02:27:04.486472 [debug] [MainThread]: An error was encountered while trying to flush usage events
[0m02:29:01.989156 [debug] [MainThread]: Sending event: {'category': 'dbt', 'action': 'invocation', 'label': 'start', 'context': [<snowplow_tracker.self_describing_json.SelfDescribingJson object at 0x0000023D7F58DC10>, <snowplow_tracker.self_describing_json.SelfDescribingJson object at 0x0000023D7F7F5710>, <snowplow_tracker.self_describing_json.SelfDescribingJson object at 0x0000023D7F817F90>]}


============================== 02:29:01.992154 | c66affb6-aa08-4709-8e5b-3b41dd7a9551 ==============================
[0m02:29:01.992154 [info ] [MainThread]: Running with dbt=1.11.8
[0m02:29:01.993154 [debug] [MainThread]: running dbt with arguments {'static_parser': 'True', 'no_print': 'None', 'version_check': 'True', 'target_path': 'None', 'warn_error_options': 'WarnErrorOptionsV2(error=[], warn=[], silence=[])', 'printer_width': '80', 'write_json': 'True', 'empty': 'None', 'log_cache_events': 'False', 'introspect': 'True', 'cache_selected_only': 'False', 'log_format': 'default', 'debug': 'False', 'fail_fast': 'False', 'profiles_dir': 'C:\\Users\\samir\\.dbt', 'send_anonymous_usage_stats': 'True', 'quiet': 'False', 'warn_error': 'None', 'partial_parse': 'True', 'indirect_selection': 'eager', 'invocation_command': 'dbt init dbt_project', 'use_colors': 'True', 'use_experimental_parser': 'False', 'log_path': 'logs'}
[0m02:29:02.010299 [debug] [MainThread]: Starter project path: C:\Users\samir\AppData\Local\Programs\Python\Python311\Lib\site-packages\dbt\include\starter_project
[0m02:29:02.058201 [info ] [MainThread]: 
Your new dbt project "dbt_project" was created!

For more information on how to configure the profiles.yml file,
please consult the dbt documentation here:

  https://docs.getdbt.com/docs/configure-your-profile

One more thing:

Need help? Don't hesitate to reach out to us via GitHub issues or on Slack:

  https://community.getdbt.com/

Happy modeling!

[0m02:29:02.059201 [info ] [MainThread]: Setting up your profile.
[0m02:30:12.580260 [debug] [MainThread]: Command `dbt init` succeeded at 02:30:12.580260 after 70.66 seconds
[0m02:30:12.581539 [debug] [MainThread]: Sending event: {'category': 'dbt', 'action': 'invocation', 'label': 'end', 'context': [<snowplow_tracker.self_describing_json.SelfDescribingJson object at 0x0000023D77DA2490>, <snowplow_tracker.self_describing_json.SelfDescribingJson object at 0x0000023D77DAD410>, <snowplow_tracker.self_describing_json.SelfDescribingJson object at 0x0000023D7DD8E650>]}
[0m02:30:12.581539 [debug] [MainThread]: Flushing usage events
[0m02:30:13.267420 [debug] [MainThread]: An error was encountered while trying to flush usage events
[0m02:43:26.072196 [debug] [MainThread]: Sending event: {'category': 'dbt', 'action': 'invocation', 'label': 'start', 'context': [<snowplow_tracker.self_describing_json.SelfDescribingJson object at 0x000002A995276350>, <snowplow_tracker.self_describing_json.SelfDescribingJson object at 0x000002A9986CD910>, <snowplow_tracker.self_describing_json.SelfDescribingJson object at 0x000002A99893F110>]}


============================== 02:43:26.076197 | e54d403e-a1d4-48f8-9fe0-69be4bb6a47a ==============================
[0m02:43:26.076197 [info ] [MainThread]: Running with dbt=1.11.8
[0m02:43:26.076197 [debug] [MainThread]: running dbt with arguments {'version_check': 'True', 'no_print': 'None', 'static_parser': 'True', 'target_path': 'None', 'warn_error_options': 'WarnErrorOptionsV2(error=[], warn=[], silence=[])', 'printer_width': '80', 'write_json': 'True', 'introspect': 'True', 'log_cache_events': 'False', 'empty': 'None', 'cache_selected_only': 'False', 'log_format': 'default', 'debug': 'False', 'fail_fast': 'False', 'partial_parse': 'True', 'send_anonymous_usage_stats': 'True', 'quiet': 'False', 'warn_error': 'None', 'profiles_dir': 'C:\\Users\\samir\\.dbt', 'invocation_command': 'dbt debug', 'use_colors': 'True', 'indirect_selection': 'eager', 'use_experimental_parser': 'False', 'log_path': 'logs'}
[0m02:43:26.090931 [info ] [MainThread]: dbt version: 1.11.8
[0m02:43:26.091931 [info ] [MainThread]: python version: 3.11.9
[0m02:43:26.092935 [info ] [MainThread]: python path: C:\Users\samir\AppData\Local\Programs\Python\Python311\python.exe
[0m02:43:26.092935 [info ] [MainThread]: os info: Windows-10-10.0.26200-SP0
[0m02:43:26.098931 [info ] [MainThread]: Error importing adapter: No module named 'dbt.adapters.athena'
[0m02:43:26.176998 [info ] [MainThread]: Using profiles dir at C:\Users\samir\.dbt
[0m02:43:26.177994 [info ] [MainThread]: Using profiles.yml file at C:\Users\samir\.dbt\profiles.yml
[0m02:43:26.178996 [info ] [MainThread]: Using dbt_project.yml file at C:\Users\samir\Downloads\autovantage-crm-analytics\dbt_project.yml
[0m02:43:26.179991 [info ] [MainThread]: Configuration:
[0m02:43:26.179991 [info ] [MainThread]:   profiles.yml file [[31mERROR invalid[0m]
[0m02:43:26.180992 [info ] [MainThread]:   dbt_project.yml file [[31mERROR not found[0m]
[0m02:43:26.181992 [info ] [MainThread]: Required dependencies:
[0m02:43:26.181992 [debug] [MainThread]: Executing "git --help"
[0m02:43:26.235651 [debug] [MainThread]: STDOUT: "b"usage: git [-v | --version] [-h | --help] [-C <path>] [-c <name>=<value>]\n           [--exec-path[=<path>]] [--html-path] [--man-path] [--info-path]\n           [-p | --paginate | -P | --no-pager] [--no-replace-objects] [--no-lazy-fetch]\n           [--no-optional-locks] [--no-advice] [--bare] [--git-dir=<path>]\n           [--work-tree=<path>] [--namespace=<name>] [--config-env=<name>=<envvar>]\n           <command> [<args>]\n\nThese are common Git commands used in various situations:\n\nstart a working area (see also: git help tutorial)\n   clone      Clone a repository into a new directory\n   init       Create an empty Git repository or reinitialize an existing one\n\nwork on the current change (see also: git help everyday)\n   add        Add file contents to the index\n   mv         Move or rename a file, a directory, or a symlink\n   restore    Restore working tree files\n   rm         Remove files from the working tree and from the index\n\nexamine the history and state (see also: git help revisions)\n   bisect     Use binary search to find the commit that introduced a bug\n   diff       Show changes between commits, commit and working tree, etc\n   grep       Print lines matching a pattern\n   log        Show commit logs\n   show       Show various types of objects\n   status     Show the working tree status\n\ngrow, mark and tweak your common history\n   backfill   Download missing objects in a partial clone\n   branch     List, create, or delete branches\n   commit     Record changes to the repository\n   merge      Join two or more development histories together\n   rebase     Reapply commits on top of another base tip\n   reset      Set `HEAD` or the index to a known state\n   switch     Switch branches\n   tag        Create, list, delete or verify tags\n\ncollaborate (see also: git help workflows)\n   fetch      Download objects and refs from another repository\n   pull       Fetch from and integrate with another repository or a local branch\n   push       Update remote refs along with associated objects\n\n'git help -a' and 'git help -g' list available subcommands and some\nconcept guides. See 'git help <command>' or 'git help <concept>'\nto read about a specific subcommand or concept.\nSee 'git help git' for an overview of the system.\n""
[0m02:43:26.236651 [debug] [MainThread]: STDERR: "b''"
[0m02:43:26.236651 [info ] [MainThread]:  - git [[32mOK found[0m]

[0m02:43:26.237658 [info ] [MainThread]: Connection test skipped since no profile was found
[0m02:43:26.237658 [info ] [MainThread]: [31m2 checks failed:[0m
[0m02:43:26.238651 [info ] [MainThread]: Could not load dbt_project.yml
Profile loading failed for the following reason:
Runtime Error
  Credentials in profile "dbt_olist", target "dev" invalid: Runtime Error
    Could not find adapter type athena!


[0m02:43:26.238651 [info ] [MainThread]: Project loading failed for the following reason:
 project path <C:\Users\samir\Downloads\autovantage-crm-analytics\dbt_project.yml> not found

[0m02:43:26.239658 [debug] [MainThread]: Command `dbt debug` failed at 02:43:26.239658 after 0.24 seconds
[0m02:43:26.240657 [debug] [MainThread]: Sending event: {'category': 'dbt', 'action': 'invocation', 'label': 'end', 'context': [<snowplow_tracker.self_describing_json.SelfDescribingJson object at 0x000002A990C7C190>, <snowplow_tracker.self_describing_json.SelfDescribingJson object at 0x000002A990C7C210>, <snowplow_tracker.self_describing_json.SelfDescribingJson object at 0x000002A998931E10>]}
[0m02:43:26.240657 [debug] [MainThread]: Flushing usage events
[0m02:43:27.055760 [debug] [MainThread]: An error was encountered while trying to flush usage events
[0m02:43:29.953546 [debug] [MainThread]: Sending event: {'category': 'dbt', 'action': 'invocation', 'label': 'start', 'context': [<snowplow_tracker.self_describing_json.SelfDescribingJson object at 0x000002818B3815D0>, <snowplow_tracker.self_describing_json.SelfDescribingJson object at 0x000002818B381B90>, <snowplow_tracker.self_describing_json.SelfDescribingJson object at 0x000002818B381910>]}


============================== 02:43:29.956547 | a38ed234-cb18-4eb4-927b-11c2397290b2 ==============================
[0m02:43:29.956547 [info ] [MainThread]: Running with dbt=1.11.8
[0m02:43:29.958547 [debug] [MainThread]: running dbt with arguments {'version_check': 'True', 'no_print': 'None', 'static_parser': 'True', 'target_path': 'None', 'warn_error_options': 'WarnErrorOptionsV2(error=[], warn=[], silence=[])', 'printer_width': '80', 'write_json': 'True', 'empty': 'False', 'log_cache_events': 'False', 'introspect': 'True', 'cache_selected_only': 'False', 'fail_fast': 'False', 'debug': 'False', 'log_format': 'default', 'partial_parse': 'True', 'send_anonymous_usage_stats': 'True', 'quiet': 'False', 'warn_error': 'None', 'profiles_dir': 'C:\\Users\\samir\\.dbt', 'use_colors': 'True', 'invocation_command': 'dbt run', 'indirect_selection': 'eager', 'use_experimental_parser': 'False', 'log_path': 'logs'}
[0m02:43:29.958547 [error] [MainThread]: Encountered an error:
Runtime Error
  No dbt_project.yml found at expected path C:\Users\samir\Downloads\autovantage-crm-analytics\dbt_project.yml
  Verify that each entry within packages.yml (and their transitive dependencies) contains a file named dbt_project.yml
  
[0m02:43:29.960547 [debug] [MainThread]: Command `dbt run` failed at 02:43:29.960547 after 0.07 seconds
[0m02:43:29.960547 [debug] [MainThread]: Sending event: {'category': 'dbt', 'action': 'invocation', 'label': 'end', 'context': [<snowplow_tracker.self_describing_json.SelfDescribingJson object at 0x0000028183C02410>, <snowplow_tracker.self_describing_json.SelfDescribingJson object at 0x000002818B381150>, <snowplow_tracker.self_describing_json.SelfDescribingJson object at 0x000002818393C190>]}
[0m02:43:29.961546 [debug] [MainThread]: Flushing usage events
[0m02:43:30.565529 [debug] [MainThread]: An error was encountered while trying to flush usage events
[0m02:43:35.032350 [debug] [MainThread]: Sending event: {'category': 'dbt', 'action': 'invocation', 'label': 'start', 'context': [<snowplow_tracker.self_describing_json.SelfDescribingJson object at 0x0000018F5D627090>, <snowplow_tracker.self_describing_json.SelfDescribingJson object at 0x0000018F5D5F9090>, <snowplow_tracker.self_describing_json.SelfDescribingJson object at 0x0000018F5D5F8390>]}


============================== 02:43:35.036348 | bdfe4f2e-4105-48b6-9069-088275e76ad4 ==============================
[0m02:43:35.036348 [info ] [MainThread]: Running with dbt=1.11.8
[0m02:43:35.037349 [debug] [MainThread]: running dbt with arguments {'version_check': 'True', 'no_print': 'None', 'static_parser': 'True', 'warn_error_options': 'WarnErrorOptionsV2(error=[], warn=[], silence=[])', 'target_path': 'None', 'printer_width': '80', 'write_json': 'True', 'introspect': 'True', 'log_cache_events': 'False', 'empty': 'None', 'cache_selected_only': 'False', 'fail_fast': 'False', 'debug': 'False', 'log_format': 'default', 'profiles_dir': 'C:\\Users\\samir\\.dbt', 'send_anonymous_usage_stats': 'True', 'quiet': 'False', 'warn_error': 'None', 'partial_parse': 'True', 'use_colors': 'True', 'indirect_selection': 'eager', 'invocation_command': 'dbt test', 'use_experimental_parser': 'False', 'log_path': 'logs'}
[0m02:43:35.037349 [error] [MainThread]: Encountered an error:
Runtime Error
  No dbt_project.yml found at expected path C:\Users\samir\Downloads\autovantage-crm-analytics\dbt_project.yml
  Verify that each entry within packages.yml (and their transitive dependencies) contains a file named dbt_project.yml
  
[0m02:43:35.038489 [debug] [MainThread]: Command `dbt test` failed at 02:43:35.038489 after 0.07 seconds
[0m02:43:35.039503 [debug] [MainThread]: Sending event: {'category': 'dbt', 'action': 'invocation', 'label': 'end', 'context': [<snowplow_tracker.self_describing_json.SelfDescribingJson object at 0x0000018F54BD2410>, <snowplow_tracker.self_describing_json.SelfDescribingJson object at 0x0000018F5C31D650>, <snowplow_tracker.self_describing_json.SelfDescribingJson object at 0x0000018F5490C190>]}
[0m02:43:35.039503 [debug] [MainThread]: Flushing usage events
[0m02:43:35.632160 [debug] [MainThread]: An error was encountered while trying to flush usage events
[0m02:44:47.274500 [debug] [MainThread]: Sending event: {'category': 'dbt', 'action': 'invocation', 'label': 'start', 'context': [<snowplow_tracker.self_describing_json.SelfDescribingJson object at 0x000001B6FEE49810>, <snowplow_tracker.self_describing_json.SelfDescribingJson object at 0x000001B6824851D0>, <snowplow_tracker.self_describing_json.SelfDescribingJson object at 0x000001B6834B6890>]}


============================== 02:44:47.277514 | c359a18a-cdb9-41ce-a8ee-af1d1eb8a4e9 ==============================
[0m02:44:47.277514 [info ] [MainThread]: Running with dbt=1.11.8
[0m02:44:47.279513 [debug] [MainThread]: running dbt with arguments {'version_check': 'True', 'no_print': 'None', 'static_parser': 'True', 'target_path': 'None', 'warn_error_options': 'WarnErrorOptionsV2(error=[], warn=[], silence=[])', 'printer_width': '80', 'write_json': 'True', 'empty': 'None', 'log_cache_events': 'False', 'introspect': 'True', 'cache_selected_only': 'False', 'fail_fast': 'False', 'debug': 'False', 'log_format': 'default', 'partial_parse': 'True', 'send_anonymous_usage_stats': 'True', 'quiet': 'False', 'warn_error': 'None', 'profiles_dir': 'C:\\Users\\samir\\.dbt', 'invocation_command': 'dbt debug', 'use_colors': 'True', 'indirect_selection': 'eager', 'use_experimental_parser': 'False', 'log_path': 'logs'}
[0m02:44:47.297213 [info ] [MainThread]: dbt version: 1.11.8
[0m02:44:47.298212 [info ] [MainThread]: python version: 3.11.9
[0m02:44:47.298212 [info ] [MainThread]: python path: C:\Users\samir\AppData\Local\Programs\Python\Python311\python.exe
[0m02:44:47.299213 [info ] [MainThread]: os info: Windows-10-10.0.26200-SP0
[0m02:44:47.377739 [info ] [MainThread]: Using profiles dir at C:\Users\samir\.dbt
[0m02:44:47.378738 [info ] [MainThread]: Using profiles.yml file at C:\Users\samir\.dbt\profiles.yml
[0m02:44:47.378738 [info ] [MainThread]: Using dbt_project.yml file at C:\Users\samir\Downloads\autovantage-crm-analytics\dbt_project.yml
[0m02:44:47.383323 [info ] [MainThread]: adapter type: duckdb
[0m02:44:47.384324 [info ] [MainThread]: adapter version: 1.10.1
[0m02:44:47.384324 [info ] [MainThread]: Configuration:
[0m02:44:47.385824 [info ] [MainThread]:   profiles.yml file [[32mOK found and valid[0m]
[0m02:44:47.385824 [info ] [MainThread]:   dbt_project.yml file [[31mERROR not found[0m]
[0m02:44:47.386968 [info ] [MainThread]: Required dependencies:
[0m02:44:47.386968 [debug] [MainThread]: Executing "git --help"
[0m02:44:47.419746 [debug] [MainThread]: STDOUT: "b"usage: git [-v | --version] [-h | --help] [-C <path>] [-c <name>=<value>]\n           [--exec-path[=<path>]] [--html-path] [--man-path] [--info-path]\n           [-p | --paginate | -P | --no-pager] [--no-replace-objects] [--no-lazy-fetch]\n           [--no-optional-locks] [--no-advice] [--bare] [--git-dir=<path>]\n           [--work-tree=<path>] [--namespace=<name>] [--config-env=<name>=<envvar>]\n           <command> [<args>]\n\nThese are common Git commands used in various situations:\n\nstart a working area (see also: git help tutorial)\n   clone      Clone a repository into a new directory\n   init       Create an empty Git repository or reinitialize an existing one\n\nwork on the current change (see also: git help everyday)\n   add        Add file contents to the index\n   mv         Move or rename a file, a directory, or a symlink\n   restore    Restore working tree files\n   rm         Remove files from the working tree and from the index\n\nexamine the history and state (see also: git help revisions)\n   bisect     Use binary search to find the commit that introduced a bug\n   diff       Show changes between commits, commit and working tree, etc\n   grep       Print lines matching a pattern\n   log        Show commit logs\n   show       Show various types of objects\n   status     Show the working tree status\n\ngrow, mark and tweak your common history\n   backfill   Download missing objects in a partial clone\n   branch     List, create, or delete branches\n   commit     Record changes to the repository\n   merge      Join two or more development histories together\n   rebase     Reapply commits on top of another base tip\n   reset      Set `HEAD` or the index to a known state\n   switch     Switch branches\n   tag        Create, list, delete or verify tags\n\ncollaborate (see also: git help workflows)\n   fetch      Download objects and refs from another repository\n   pull       Fetch from and integrate with another repository or a local branch\n   push       Update remote refs along with associated objects\n\n'git help -a' and 'git help -g' list available subcommands and some\nconcept guides. See 'git help <command>' or 'git help <concept>'\nto read about a specific subcommand or concept.\nSee 'git help git' for an overview of the system.\n""
[0m02:44:47.420749 [debug] [MainThread]: STDERR: "b''"
[0m02:44:47.420749 [info ] [MainThread]:  - git [[32mOK found[0m]

[0m02:44:47.422105 [info ] [MainThread]: Connection:
[0m02:44:47.423116 [info ] [MainThread]:   database: autovantage
[0m02:44:47.424120 [info ] [MainThread]:   schema: main
[0m02:44:47.424120 [info ] [MainThread]:   path: C:/Users/samir/Downloads/autovantage-crm-analytics/autovantage.duckdb
[0m02:44:47.425116 [info ] [MainThread]:   config_options: None
[0m02:44:47.426305 [info ] [MainThread]:   extensions: None
[0m02:44:47.427312 [info ] [MainThread]:   settings: {}
[0m02:44:47.428314 [info ] [MainThread]:   external_root: .
[0m02:44:47.428314 [info ] [MainThread]:   use_credential_provider: None
[0m02:44:47.429314 [info ] [MainThread]:   attach: None
[0m02:44:47.430313 [info ] [MainThread]:   filesystems: None
[0m02:44:47.430313 [info ] [MainThread]:   remote: None
[0m02:44:47.430313 [info ] [MainThread]:   plugins: None
[0m02:44:47.431606 [info ] [MainThread]:   disable_transactions: False
[0m02:44:47.431606 [info ] [MainThread]: Registered adapter: duckdb=1.10.1
[0m02:44:47.636777 [debug] [MainThread]: Acquiring new duckdb connection 'debug'
[0m02:44:50.671362 [debug] [MainThread]: Using duckdb connection "debug"
[0m02:44:50.672362 [debug] [MainThread]: On debug: select 1 as id
[0m02:44:50.672362 [debug] [MainThread]: Opening a new connection, currently in state init
[0m02:44:50.698744 [debug] [MainThread]: SQL status: OK in 0.026 seconds
[0m02:44:50.698744 [debug] [MainThread]: On debug: Close
[0m02:44:50.699746 [info ] [MainThread]:   Connection test: [[32mOK connection ok[0m]

[0m02:44:50.699746 [info ] [MainThread]: [31m1 check failed:[0m
[0m02:44:50.700745 [info ] [MainThread]: Project loading failed for the following reason:
 project path <C:\Users\samir\Downloads\autovantage-crm-analytics\dbt_project.yml> not found

[0m02:44:50.702743 [debug] [MainThread]: Command `dbt debug` failed at 02:44:50.702743 after 3.51 seconds
[0m02:44:50.702743 [debug] [MainThread]: Connection 'debug' was properly closed.
[0m02:44:50.703743 [debug] [MainThread]: Sending event: {'category': 'dbt', 'action': 'invocation', 'label': 'end', 'context': [<snowplow_tracker.self_describing_json.SelfDescribingJson object at 0x000001B682219150>, <snowplow_tracker.self_describing_json.SelfDescribingJson object at 0x000001B683591DD0>, <snowplow_tracker.self_describing_json.SelfDescribingJson object at 0x000001B6835B8FD0>]}
[0m02:44:50.703743 [debug] [MainThread]: Flushing usage events
[0m02:44:51.611020 [debug] [MainThread]: An error was encountered while trying to flush usage events
[0m02:44:58.471709 [debug] [MainThread]: Sending event: {'category': 'dbt', 'action': 'invocation', 'label': 'start', 'context': [<snowplow_tracker.self_describing_json.SelfDescribingJson object at 0x000001AF4D3911D0>, <snowplow_tracker.self_describing_json.SelfDescribingJson object at 0x000001AF51A97710>, <snowplow_tracker.self_describing_json.SelfDescribingJson object at 0x000001AF51A5FA90>]}


============================== 02:44:58.474708 | ab7a5951-39b2-471a-a0d1-ad7f962b09b6 ==============================
[0m02:44:58.474708 [info ] [MainThread]: Running with dbt=1.11.8
[0m02:44:58.475707 [debug] [MainThread]: running dbt with arguments {'static_parser': 'True', 'no_print': 'None', 'version_check': 'True', 'target_path': 'None', 'warn_error_options': 'WarnErrorOptionsV2(error=[], warn=[], silence=[])', 'printer_width': '80', 'write_json': 'True', 'empty': 'None', 'log_cache_events': 'False', 'introspect': 'True', 'cache_selected_only': 'False', 'fail_fast': 'False', 'debug': 'False', 'log_format': 'default', 'partial_parse': 'True', 'send_anonymous_usage_stats': 'True', 'quiet': 'False', 'warn_error': 'None', 'profiles_dir': 'C:\\Users\\samir\\.dbt', 'use_colors': 'True', 'indirect_selection': 'eager', 'invocation_command': 'dbt test', 'use_experimental_parser': 'False', 'log_path': 'logs'}
[0m02:44:58.476711 [error] [MainThread]: Encountered an error:
Runtime Error
  No dbt_project.yml found at expected path C:\Users\samir\Downloads\autovantage-crm-analytics\dbt_project.yml
  Verify that each entry within packages.yml (and their transitive dependencies) contains a file named dbt_project.yml
  
[0m02:44:58.478882 [debug] [MainThread]: Command `dbt test` failed at 02:44:58.478882 after 0.06 seconds
[0m02:44:58.479877 [debug] [MainThread]: Sending event: {'category': 'dbt', 'action': 'invocation', 'label': 'end', 'context': [<snowplow_tracker.self_describing_json.SelfDescribingJson object at 0x000001AF51A95150>, <snowplow_tracker.self_describing_json.SelfDescribingJson object at 0x000001AF48CEC190>, <snowplow_tracker.self_describing_json.SelfDescribingJson object at 0x000001AF48CEC1D0>]}
[0m02:44:58.479877 [debug] [MainThread]: Flushing usage events
[0m02:44:59.070944 [debug] [MainThread]: An error was encountered while trying to flush usage events
[0m02:45:05.141634 [debug] [MainThread]: Sending event: {'category': 'dbt', 'action': 'invocation', 'label': 'start', 'context': [<snowplow_tracker.self_describing_json.SelfDescribingJson object at 0x00000209A5466210>, <snowplow_tracker.self_describing_json.SelfDescribingJson object at 0x00000209A9B9C290>, <snowplow_tracker.self_describing_json.SelfDescribingJson object at 0x00000209A9BCA1D0>]}


============================== 02:45:05.145630 | fa792317-114f-4063-bdbb-adf40ccb2dd8 ==============================
[0m02:45:05.145630 [info ] [MainThread]: Running with dbt=1.11.8
[0m02:45:05.146630 [debug] [MainThread]: running dbt with arguments {'static_parser': 'True', 'no_print': 'None', 'version_check': 'True', 'target_path': 'None', 'warn_error_options': 'WarnErrorOptionsV2(error=[], warn=[], silence=[])', 'printer_width': '80', 'write_json': 'True', 'introspect': 'True', 'log_cache_events': 'False', 'empty': 'False', 'cache_selected_only': 'False', 'log_format': 'default', 'debug': 'False', 'fail_fast': 'False', 'partial_parse': 'True', 'send_anonymous_usage_stats': 'True', 'quiet': 'False', 'warn_error': 'None', 'profiles_dir': 'C:\\Users\\samir\\.dbt', 'use_colors': 'True', 'invocation_command': 'dbt run', 'indirect_selection': 'eager', 'use_experimental_parser': 'False', 'log_path': 'logs'}
[0m02:45:05.147140 [error] [MainThread]: Encountered an error:
Runtime Error
  No dbt_project.yml found at expected path C:\Users\samir\Downloads\autovantage-crm-analytics\dbt_project.yml
  Verify that each entry within packages.yml (and their transitive dependencies) contains a file named dbt_project.yml
  
[0m02:45:05.147140 [debug] [MainThread]: Command `dbt run` failed at 02:45:05.147140 after 0.07 seconds
[0m02:45:05.148519 [debug] [MainThread]: Sending event: {'category': 'dbt', 'action': 'invocation', 'label': 'end', 'context': [<snowplow_tracker.self_describing_json.SelfDescribingJson object at 0x00000209A10F2410>, <snowplow_tracker.self_describing_json.SelfDescribingJson object at 0x00000209A88BD650>, <snowplow_tracker.self_describing_json.SelfDescribingJson object at 0x00000209A0E2C190>]}
[0m02:45:05.148519 [debug] [MainThread]: Flushing usage events
[0m02:45:05.772560 [debug] [MainThread]: An error was encountered while trying to flush usage events
